This is pdfTeX, Version 3.1415926-2.5-1.40.14 (TeX Live 2013) (format=pdflatex 2013.5.30)  6 FEB 2014 21:47
entering extended mode
 restricted \write18 enabled.
 %&-line parsing enabled.
**iros14boids
(./iros14boids.tex
LaTeX2e <2011/06/27>
Babel <3.9f> and hyphenation patterns for 78 languages loaded.
(./ieeeconf.cls

LaTeX Warning: You have requested document class `ieeeconf',
               but the document class provides `cssconf'.

Document Class: cssconf 2004/1/15 revision V1.6b by Pradeep Misra
\@IEEEtrantmpdimenA=\dimen102
\@IEEEtrantmpdimenB=\dimen103
\@IEEEtrantmpcountA=\count79
\@IEEEtrantmpcountB=\count80
\@IEEEtrantmptoksA=\toks14
LaTeX Font Info:    Try loading font information for OT1+ptm on input line 794.

(/usr/local/texlive/2013/texmf-dist/tex/latex/psnfss/ot1ptm.fd
File: ot1ptm.fd 2001/06/04 font definitions for OT1/ptm.
)
\@IEEEnormalsizefontbaselineskip=\skip41

-- This is a 10 point document.
\normalsizebaselineskip=\skip42
\normaljot=\skip43
LaTeX Font Info:    Font shape `OT1/ptm/bx/n' in size <5> not available
(Font)              Font shape `OT1/ptm/b/n' tried instead on input line 1113.
LaTeX Font Info:    Font shape `OT1/ptm/bx/it' in size <5> not available
(Font)              Font shape `OT1/ptm/b/it' tried instead on input line 1113.

LaTeX Font Info:    Font shape `OT1/ptm/bx/n' in size <7> not available
(Font)              Font shape `OT1/ptm/b/n' tried instead on input line 1113.
LaTeX Font Info:    Font shape `OT1/ptm/bx/it' in size <7> not available
(Font)              Font shape `OT1/ptm/b/it' tried instead on input line 1113.

LaTeX Font Info:    Font shape `OT1/ptm/bx/n' in size <8> not available
(Font)              Font shape `OT1/ptm/b/n' tried instead on input line 1113.
LaTeX Font Info:    Font shape `OT1/ptm/bx/it' in size <8> not available
(Font)              Font shape `OT1/ptm/b/it' tried instead on input line 1113.

LaTeX Font Info:    Font shape `OT1/ptm/bx/n' in size <9> not available
(Font)              Font shape `OT1/ptm/b/n' tried instead on input line 1113.
LaTeX Font Info:    Font shape `OT1/ptm/bx/it' in size <9> not available
(Font)              Font shape `OT1/ptm/b/it' tried instead on input line 1113.

LaTeX Font Info:    Font shape `OT1/ptm/bx/n' in size <10> not available
(Font)              Font shape `OT1/ptm/b/n' tried instead on input line 1113.
LaTeX Font Info:    Font shape `OT1/ptm/bx/it' in size <10> not available
(Font)              Font shape `OT1/ptm/b/it' tried instead on input line 1113.

LaTeX Font Info:    Font shape `OT1/ptm/bx/n' in size <11> not available
(Font)              Font shape `OT1/ptm/b/n' tried instead on input line 1113.
LaTeX Font Info:    Font shape `OT1/ptm/bx/it' in size <11> not available
(Font)              Font shape `OT1/ptm/b/it' tried instead on input line 1113.

LaTeX Font Info:    Font shape `OT1/ptm/bx/n' in size <12> not available
(Font)              Font shape `OT1/ptm/b/n' tried instead on input line 1113.
LaTeX Font Info:    Font shape `OT1/ptm/bx/it' in size <12> not available
(Font)              Font shape `OT1/ptm/b/it' tried instead on input line 1113.

LaTeX Font Info:    Font shape `OT1/ptm/bx/n' in size <16> not available
(Font)              Font shape `OT1/ptm/b/n' tried instead on input line 1113.
LaTeX Font Info:    Font shape `OT1/ptm/bx/it' in size <16> not available
(Font)              Font shape `OT1/ptm/b/it' tried instead on input line 1113.

LaTeX Font Info:    Font shape `OT1/ptm/bx/n' in size <20> not available
(Font)              Font shape `OT1/ptm/b/n' tried instead on input line 1113.
LaTeX Font Info:    Font shape `OT1/ptm/bx/it' in size <20> not available
(Font)              Font shape `OT1/ptm/b/it' tried instead on input line 1113.

LaTeX Font Info:    Font shape `OT1/ptm/bx/n' in size <24> not available
(Font)              Font shape `OT1/ptm/b/n' tried instead on input line 1113.
LaTeX Font Info:    Font shape `OT1/ptm/bx/it' in size <24> not available
(Font)              Font shape `OT1/ptm/b/it' tried instead on input line 1113.

\IEEEilabelindentA=\dimen104
\IEEEilabelindentB=\dimen105
\IEEEilabelindent=\dimen106
\IEEEelabelindent=\dimen107
\IEEEdlabelindent=\dimen108
\labelindent=\dimen109
\IEEEiednormlabelsep=\dimen110
\IEEEiedmathlabelsep=\dimen111
\IEEEiedtopsep=\skip44
\c@section=\count81
\c@subsection=\count82
\c@subsubsection=\count83
\c@paragraph=\count84
\c@IEEEsubequation=\count85
\abovecaptionskip=\skip45
\belowcaptionskip=\skip46
\c@figure=\count86
\c@table=\count87
\@IEEEeqnnumcols=\count88
\@IEEEeqncolcnt=\count89
\@IEEEtmpitemindent=\dimen112
\c@biography=\count90
\@IEEEtranrubishbin=\box26
) (/usr/local/texlive/2013/texmf-dist/tex/latex/psnfss/times.sty
Package: times 2005/04/12 PSNFSS-v9.2a (SPQR) 
)
** ATTENTION: Overriding command lockouts (line 5).
** ATTENTION: Overriding IEEE standard margins (line 6).
(/usr/local/texlive/2013/texmf-dist/tex/latex/cite/cite.sty
LaTeX Info: Redefining \cite on input line 302.
LaTeX Info: Redefining \nocite on input line 373.
Package: cite 2010/09/10  v 5.3
)
(/usr/local/texlive/2013/texmf-dist/tex/latex/graphics/graphicx.sty
Package: graphicx 1999/02/16 v1.0f Enhanced LaTeX Graphics (DPC,SPQR)

(/usr/local/texlive/2013/texmf-dist/tex/latex/graphics/keyval.sty
Package: keyval 1999/03/16 v1.13 key=value parser (DPC)
\KV@toks@=\toks15
)
(/usr/local/texlive/2013/texmf-dist/tex/latex/graphics/graphics.sty
Package: graphics 2009/02/05 v1.0o Standard LaTeX Graphics (DPC,SPQR)

(/usr/local/texlive/2013/texmf-dist/tex/latex/graphics/trig.sty
Package: trig 1999/03/16 v1.09 sin cos tan (DPC)
)
(/usr/local/texlive/2013/texmf-dist/tex/latex/latexconfig/graphics.cfg
File: graphics.cfg 2010/04/23 v1.9 graphics configuration of TeX Live
)
Package graphics Info: Driver file: pdftex.def on input line 91.

(/usr/local/texlive/2013/texmf-dist/tex/latex/pdftex-def/pdftex.def
File: pdftex.def 2011/05/27 v0.06d Graphics/color for pdfTeX

(/usr/local/texlive/2013/texmf-dist/tex/generic/oberdiek/infwarerr.sty
Package: infwarerr 2010/04/08 v1.3 Providing info/warning/error messages (HO)
)
(/usr/local/texlive/2013/texmf-dist/tex/generic/oberdiek/ltxcmds.sty
Package: ltxcmds 2011/11/09 v1.22 LaTeX kernel commands for general use (HO)
)
\Gread@gobject=\count91
))
\Gin@req@height=\dimen113
\Gin@req@width=\dimen114
)
(/usr/local/texlive/2013/texmf-dist/tex/latex/amsfonts/amssymb.sty
Package: amssymb 2013/01/14 v3.01 AMS font symbols

(/usr/local/texlive/2013/texmf-dist/tex/latex/amsfonts/amsfonts.sty
Package: amsfonts 2013/01/14 v3.01 Basic AMSFonts support
\@emptytoks=\toks16
\symAMSa=\mathgroup4
\symAMSb=\mathgroup5
LaTeX Font Info:    Overwriting math alphabet `\mathfrak' in version `bold'
(Font)                  U/euf/m/n --> U/euf/b/n on input line 106.
))
(/usr/local/texlive/2013/texmf-dist/tex/latex/amsmath/amsmath.sty
Package: amsmath 2013/01/14 v2.14 AMS math features
\@mathmargin=\skip47

For additional information on amsmath, use the `?' option.
(/usr/local/texlive/2013/texmf-dist/tex/latex/amsmath/amstext.sty
Package: amstext 2000/06/29 v2.01

(/usr/local/texlive/2013/texmf-dist/tex/latex/amsmath/amsgen.sty
File: amsgen.sty 1999/11/30 v2.0
\@emptytoks=\toks17
\ex@=\dimen115
))
(/usr/local/texlive/2013/texmf-dist/tex/latex/amsmath/amsbsy.sty
Package: amsbsy 1999/11/29 v1.2d
\pmbraise@=\dimen116
)
(/usr/local/texlive/2013/texmf-dist/tex/latex/amsmath/amsopn.sty
Package: amsopn 1999/12/14 v2.01 operator names
)
\inf@bad=\count92
LaTeX Info: Redefining \frac on input line 210.
\uproot@=\count93
\leftroot@=\count94
LaTeX Info: Redefining \overline on input line 306.
\classnum@=\count95
\DOTSCASE@=\count96
LaTeX Info: Redefining \ldots on input line 378.
LaTeX Info: Redefining \dots on input line 381.
LaTeX Info: Redefining \cdots on input line 466.
\Mathstrutbox@=\box27
\strutbox@=\box28
\big@size=\dimen117
LaTeX Font Info:    Redeclaring font encoding OML on input line 566.
LaTeX Font Info:    Redeclaring font encoding OMS on input line 567.
\macc@depth=\count97
\c@MaxMatrixCols=\count98
\dotsspace@=\muskip10
\c@parentequation=\count99
\dspbrk@lvl=\count100
\tag@help=\toks18
\row@=\count101
\column@=\count102
\maxfields@=\count103
\andhelp@=\toks19
\eqnshift@=\dimen118
\alignsep@=\dimen119
\tagshift@=\dimen120
\tagwidth@=\dimen121
\totwidth@=\dimen122
\lineht@=\dimen123
\@envbody=\toks20
\multlinegap=\skip48
\multlinetaggap=\skip49
\mathdisplay@stack=\toks21
LaTeX Info: Redefining \[ on input line 2665.
LaTeX Info: Redefining \] on input line 2666.
)
(./algorithm.sty
Package: algorithm 

Document Style `algorithm' - floating environment
(/usr/local/texlive/2013/texmf-dist/tex/latex/float/float.sty
Package: float 2001/11/08 v1.3d Float enhancements (AL)
\c@float@type=\count104
\float@exts=\toks22
\float@box=\box29
\@float@everytoks=\toks23
\@floatcapt=\box30
)
(/usr/local/texlive/2013/texmf-dist/tex/latex/base/ifthen.sty
Package: ifthen 2001/05/26 v1.1c Standard LaTeX ifthen package (DPC)
)
\@float@every@algorithm=\toks24
\c@algorithm=\count105
)
(./algorithmic.sty
Package: algorithmic 

Document Style `algorithmic' - environment
(/usr/local/texlive/2013/texmf-dist/tex/latex/tools/calc.sty
Package: calc 2007/08/22 v4.3 Infix arithmetic (KKT,FJ)
\calc@Acount=\count106
\calc@Bcount=\count107
\calc@Adimen=\dimen124
\calc@Bdimen=\dimen125
\calc@Askip=\skip50
\calc@Bskip=\skip51
LaTeX Info: Redefining \setlength on input line 76.
LaTeX Info: Redefining \addtolength on input line 77.
\calc@Ccount=\count108
\calc@Cskip=\skip52
)
\c@ALC@line=\count109
\c@ALC@rem=\count110
\ALC@tlm=\skip53
)
(/usr/local/texlive/2013/texmf-dist/tex/latex/sttools/flushend.sty
Package: flushend 2012/05/29 v1.1 Balancing columns at last page
Package: flushend 1997/10/01
\@aaa=\box31
\@ccc=\box32
\@viper=\box33
\hold@viper=\box34
\atColsBreak=\toks25
\@extra@skip=\dimen126
\@nd@page@rule=\dimen127
)
(/usr/local/texlive/2013/texmf-dist/tex/latex/adjustbox/adjustbox.sty
Package: adjustbox 2012/05/21 v1.0 Adjusting TeX boxes (trim, clip, ...)

(/usr/local/texlive/2013/texmf-dist/tex/latex/xkeyval/xkeyval.sty
Package: xkeyval 2012/10/14 v2.6b package option processing (HA)

(/usr/local/texlive/2013/texmf-dist/tex/generic/xkeyval/xkeyval.tex
\XKV@toks=\toks26
\XKV@tempa@toks=\toks27
\XKV@depth=\count111
File: xkeyval.tex 2012/10/14 v2.6b key=value parser (HA)
))
(/usr/local/texlive/2013/texmf-dist/tex/latex/adjustbox/adjcalc.sty
Package: adjcalc 2012/05/16 v1.1 Provides advanced setlength with multiple back
-ends (calc, etex, pgfmath)
)
(/usr/local/texlive/2013/texmf-dist/tex/latex/adjustbox/trimclip.sty
Package: trimclip 2012/05/16 v1.0 Trim and clip general TeX material

(/usr/local/texlive/2013/texmf-dist/tex/latex/collectbox/collectbox.sty
Package: collectbox 2012/05/17 v0.4b Collect macro arguments as boxes
\collectedbox=\box35
)
\tc@llx=\dimen128
\tc@lly=\dimen129
\tc@urx=\dimen130
\tc@ury=\dimen131
Package trimclip Info: Using driver 'tc-pdftex.def'.

(/usr/local/texlive/2013/texmf-dist/tex/latex/adjustbox/tc-pdftex.def
File: tc-pdftex.def 2012/05/13 v1.0 Clipping driver for pdftex
))
\adjbox@Width=\dimen132
\adjbox@Height=\dimen133
\adjbox@Depth=\dimen134
\adjbox@Totalheight=\dimen135

(/usr/local/texlive/2013/texmf-dist/tex/latex/ifoddpage/ifoddpage.sty
Package: ifoddpage 2011/09/13 v1.0 Conditionals for odd/even page detection
\c@checkoddpage=\count112
)
(/usr/local/texlive/2013/texmf-dist/tex/latex/varwidth/varwidth.sty
Package: varwidth 2009/03/30 ver 0.92;  Variable-width minipages
\@vwid@box=\box36
\sift@deathcycles=\count113
\@vwid@loff=\dimen136
\@vwid@roff=\dimen137
))
(./iros14boids.aux)
\openout1 = `iros14boids.aux'.

LaTeX Font Info:    Checking defaults for OML/cmm/m/it on input line 35.
LaTeX Font Info:    ... okay on input line 35.
LaTeX Font Info:    Checking defaults for T1/cmr/m/n on input line 35.
LaTeX Font Info:    ... okay on input line 35.
LaTeX Font Info:    Checking defaults for OT1/cmr/m/n on input line 35.
LaTeX Font Info:    ... okay on input line 35.
LaTeX Font Info:    Checking defaults for OMS/cmsy/m/n on input line 35.
LaTeX Font Info:    ... okay on input line 35.
LaTeX Font Info:    Checking defaults for OMX/cmex/m/n on input line 35.
LaTeX Font Info:    ... okay on input line 35.
LaTeX Font Info:    Checking defaults for U/cmr/m/n on input line 35.
LaTeX Font Info:    ... okay on input line 35.

(/usr/local/texlive/2013/texmf-dist/tex/context/base/supp-pdf.mkii
[Loading MPS to PDF converter (version 2006.09.02).]
\scratchcounter=\count114
\scratchdimen=\dimen138
\scratchbox=\box37
\nofMPsegments=\count115
\nofMParguments=\count116
\everyMPshowfont=\toks28
\MPscratchCnt=\count117
\MPscratchDim=\dimen139
\MPnumerator=\count118
\makeMPintoPDFobject=\count119
\everyMPtoPDFconversion=\toks29
) (/usr/local/texlive/2013/texmf-dist/tex/generic/oberdiek/pdftexcmds.sty
Package: pdftexcmds 2011/11/29 v0.20 Utility functions of pdfTeX for LuaTeX (HO
)

(/usr/local/texlive/2013/texmf-dist/tex/generic/oberdiek/ifluatex.sty
Package: ifluatex 2010/03/01 v1.3 Provides the ifluatex switch (HO)
Package ifluatex Info: LuaTeX not detected.
)
(/usr/local/texlive/2013/texmf-dist/tex/generic/oberdiek/ifpdf.sty
Package: ifpdf 2011/01/30 v2.3 Provides the ifpdf switch (HO)
Package ifpdf Info: pdfTeX in PDF mode is detected.
)
Package pdftexcmds Info: LuaTeX not detected.
Package pdftexcmds Info: \pdf@primitive is available.
Package pdftexcmds Info: \pdf@ifprimitive is available.
Package pdftexcmds Info: \pdfdraftmode found.
)
(/usr/local/texlive/2013/texmf-dist/tex/latex/oberdiek/epstopdf-base.sty
Package: epstopdf-base 2010/02/09 v2.5 Base part for package epstopdf

(/usr/local/texlive/2013/texmf-dist/tex/latex/oberdiek/grfext.sty
Package: grfext 2010/08/19 v1.1 Manage graphics extensions (HO)

(/usr/local/texlive/2013/texmf-dist/tex/generic/oberdiek/kvdefinekeys.sty
Package: kvdefinekeys 2011/04/07 v1.3 Define keys (HO)
))
(/usr/local/texlive/2013/texmf-dist/tex/latex/oberdiek/kvoptions.sty
Package: kvoptions 2011/06/30 v3.11 Key value format for package options (HO)

(/usr/local/texlive/2013/texmf-dist/tex/generic/oberdiek/kvsetkeys.sty
Package: kvsetkeys 2012/04/25 v1.16 Key value parser (HO)

(/usr/local/texlive/2013/texmf-dist/tex/generic/oberdiek/etexcmds.sty
Package: etexcmds 2011/02/16 v1.5 Avoid name clashes with e-TeX commands (HO)
Package etexcmds Info: Could not find \expanded.
(etexcmds)             That can mean that you are not using pdfTeX 1.50 or
(etexcmds)             that some package has redefined \expanded.
(etexcmds)             In the latter case, load this package earlier.
)))
Package grfext Info: Graphics extension search list:
(grfext)             [.png,.pdf,.jpg,.mps,.jpeg,.jbig2,.jb2,.PNG,.PDF,.JPG,.JPE
G,.JBIG2,.JB2,.eps]
(grfext)             \AppendGraphicsExtensions on input line 452.

(/usr/local/texlive/2013/texmf-dist/tex/latex/latexconfig/epstopdf-sys.cfg
File: epstopdf-sys.cfg 2010/07/13 v1.3 Configuration of (r)epstopdf for TeX Liv
e
))
LaTeX Font Info:    Try loading font information for U+msa on input line 49.

(/usr/local/texlive/2013/texmf-dist/tex/latex/amsfonts/umsa.fd
File: umsa.fd 2013/01/14 v3.01 AMS symbols A
)
LaTeX Font Info:    Try loading font information for U+msb on input line 49.

(/usr/local/texlive/2013/texmf-dist/tex/latex/amsfonts/umsb.fd
File: umsb.fd 2013/01/14 v3.01 AMS symbols B
)

LaTeX Font Warning: Command \small invalid in math mode on input line 153.

LaTeX Font Info:    Try loading font information for OT1+pcr on input line 153.

(/usr/local/texlive/2013/texmf-dist/tex/latex/psnfss/ot1pcr.fd
File: ot1pcr.fd 2001/06/04 font definitions for OT1/pcr.
)

LaTeX Font Warning: Command \small invalid in math mode on input line 164.


LaTeX Font Warning: Command \small invalid in math mode on input line 171.


LaTeX Font Warning: Command \small invalid in math mode on input line 177.

[1{/usr/local/texlive/2013/texmf-var/fonts/map/pdftex/updmap/pdftex.map}


]

LaTeX Font Warning: Command \small invalid in math mode on input line 186.


LaTeX Font Warning: Command \small invalid in math mode on input line 189.


LaTeX Font Warning: Command \small invalid in math mode on input line 195.


LaTeX Font Warning: Command \small invalid in math mode on input line 201.


LaTeX Font Warning: Command \small invalid in math mode on input line 216.


LaTeX Font Warning: Command \small invalid in math mode on input line 222.


LaTeX Font Warning: Command \small invalid in math mode on input line 226.


LaTeX Font Warning: Command \small invalid in math mode on input line 227.


LaTeX Font Warning: Command \small invalid in math mode on input line 228.


LaTeX Font Warning: Command \small invalid in math mode on input line 228.


LaTeX Font Warning: Command \small invalid in math mode on input line 229.


LaTeX Font Warning: Command \small invalid in math mode on input line 229.


LaTeX Font Warning: Command \small invalid in math mode on input line 231.


LaTeX Font Warning: Command \small invalid in math mode on input line 231.


LaTeX Font Warning: Command \small invalid in math mode on input line 231.


LaTeX Font Warning: Command \small invalid in math mode on input line 231.


LaTeX Font Warning: Command \small invalid in math mode on input line 232.


LaTeX Font Warning: Command \small invalid in math mode on input line 232.


LaTeX Font Warning: Command \small invalid in math mode on input line 232.


LaTeX Font Warning: Command \small invalid in math mode on input line 235.


LaTeX Font Warning: Command \small invalid in math mode on input line 235.


LaTeX Font Warning: Command \small invalid in math mode on input line 235.


LaTeX Font Warning: Command \small invalid in math mode on input line 236.


LaTeX Font Warning: Command \small invalid in math mode on input line 236.


Overfull \hbox (1.59615pt too wide) in paragraph at lines 236--237
[] []$[][] \OMS/cmsy/m/n/10   []\OT1/cmr/m/n/10 (\OML/cmm/m/it/10 RM; \OT1/cmr/
m/n/10 [\OML/cmm/m/it/10 w\OT1/cmr/m/n/10 (\OML/cmm/m/it/10 q[]\OT1/cmr/m/n/10 
)]\OML/cmm/m/it/10 ; \OT1/cmr/m/n/10 [\OML/cmm/m/it/10 w\OT1/cmr/m/n/10 (\OML/c
mm/m/it/10 q[]; q[]\OT1/cmr/m/n/10 )]\OML/cmm/m/it/10 ; b\OT1/cmr/m/n/10 )$ 
 []


LaTeX Font Warning: Command \small invalid in math mode on input line 237.


LaTeX Font Warning: Command \small invalid in math mode on input line 237.


LaTeX Font Warning: Command \small invalid in math mode on input line 241.


LaTeX Font Warning: Command \small invalid in math mode on input line 242.


LaTeX Font Warning: Command \small invalid in math mode on input line 242.


LaTeX Font Warning: Command \small invalid in math mode on input line 242.


LaTeX Font Warning: Command \small invalid in math mode on input line 243.


LaTeX Font Warning: Command \small invalid in math mode on input line 243.


LaTeX Font Warning: Command \small invalid in math mode on input line 243.


LaTeX Font Warning: Command \small invalid in math mode on input line 246.


LaTeX Font Warning: Command \small invalid in math mode on input line 247.


LaTeX Font Warning: Command \small invalid in math mode on input line 247.


LaTeX Font Warning: Command \small invalid in math mode on input line 247.


LaTeX Font Warning: Command \small invalid in math mode on input line 248.


LaTeX Font Warning: Command \small invalid in math mode on input line 248.


LaTeX Font Warning: Command \small invalid in math mode on input line 248.


LaTeX Font Warning: Command \small invalid in math mode on input line 257.


LaTeX Font Warning: Command \small invalid in math mode on input line 259.


LaTeX Font Warning: Command \small invalid in math mode on input line 268.


LaTeX Font Warning: Command \small invalid in math mode on input line 268.


LaTeX Font Warning: Command \small invalid in math mode on input line 270.


LaTeX Font Warning: Command \small invalid in math mode on input line 300.


LaTeX Font Warning: Command \small invalid in math mode on input line 300.


LaTeX Font Warning: Command \small invalid in math mode on input line 301.


LaTeX Font Warning: Command \small invalid in math mode on input line 302.

[2]

LaTeX Font Warning: Command \small invalid in math mode on input line 309.


LaTeX Font Warning: Command \small invalid in math mode on input line 310.


LaTeX Font Warning: Command \small invalid in math mode on input line 312.


Underfull \hbox (badness 2334) in paragraph at lines 308--321
 \OT1/ptm/m/it/10 3) Branch-ing: [][] \OT1/ptm/m/n/10 If a robot $\OML/cmm/m/it
/10 b$ \OT1/ptm/m/n/10 gets stuck in a lo-cal
 []


Underfull \hbox (badness 1502) in paragraph at lines 308--321
\OT1/ptm/m/n/10 ing its next tar-get $[]\OT1/cmr/m/n/10 (\OML/cmm/m/it/10 q[]\O
T1/cmr/m/n/10 )$ \OT1/ptm/m/n/10 along its cur-rent path-way,
 []


LaTeX Font Warning: Command \small invalid in math mode on input line 323.


LaTeX Font Warning: Command \small invalid in math mode on input line 336.


LaTeX Font Warning: Command \small invalid in math mode on input line 337.


LaTeX Font Warning: Command \small invalid in math mode on input line 339.


LaTeX Font Warning: Command \small invalid in math mode on input line 340.


LaTeX Font Warning: Command \small invalid in math mode on input line 340.


LaTeX Font Warning: Command \small invalid in math mode on input line 340.


LaTeX Font Warning: Command \small invalid in math mode on input line 340.


LaTeX Font Warning: Command \small invalid in math mode on input line 340.


LaTeX Font Warning: Command \small invalid in math mode on input line 341.


LaTeX Font Warning: Command \small invalid in math mode on input line 343.


LaTeX Font Warning: Command \small invalid in math mode on input line 344.


LaTeX Font Warning: Command \small invalid in math mode on input line 345.


LaTeX Font Warning: Command \small invalid in math mode on input line 351.


LaTeX Font Warning: Command \small invalid in math mode on input line 352.


LaTeX Font Warning: Command \small invalid in math mode on input line 359.


LaTeX Font Warning: Command \small invalid in math mode on input line 360.


LaTeX Font Warning: Command \small invalid in math mode on input line 360.


LaTeX Font Warning: Command \small invalid in math mode on input line 360.


LaTeX Font Warning: Command \small invalid in math mode on input line 360.


LaTeX Font Warning: Command \small invalid in math mode on input line 360.


LaTeX Font Warning: Command \small invalid in math mode on input line 360.


LaTeX Font Warning: Command \small invalid in math mode on input line 364.


LaTeX Font Warning: Command \small invalid in math mode on input line 364.


LaTeX Font Warning: Command \small invalid in math mode on input line 367.


LaTeX Font Warning: Command \small invalid in math mode on input line 368.


LaTeX Font Warning: Command \small invalid in math mode on input line 368.


LaTeX Font Warning: Command \small invalid in math mode on input line 368.


LaTeX Font Warning: Command \small invalid in math mode on input line 368.


LaTeX Font Warning: Command \small invalid in math mode on input line 368.


LaTeX Font Warning: Command \small invalid in math mode on input line 374.


LaTeX Font Warning: Command \small invalid in math mode on input line 380.


LaTeX Font Warning: Command \small invalid in math mode on input line 381.


LaTeX Font Warning: Command \small invalid in math mode on input line 381.


LaTeX Font Warning: Command \small invalid in math mode on input line 381.


LaTeX Font Warning: Command \small invalid in math mode on input line 383.


LaTeX Font Warning: Command \small invalid in math mode on input line 385.


LaTeX Font Warning: Command \small invalid in math mode on input line 387.


LaTeX Font Warning: Command \small invalid in math mode on input line 388.


LaTeX Font Warning: Command \small invalid in math mode on input line 388.


LaTeX Font Warning: Command \small invalid in math mode on input line 388.


LaTeX Font Warning: Command \small invalid in math mode on input line 388.


LaTeX Font Warning: Command \small invalid in math mode on input line 396.


LaTeX Font Warning: Command \small invalid in math mode on input line 397.


LaTeX Font Warning: Command \small invalid in math mode on input line 397.


LaTeX Font Warning: Command \small invalid in math mode on input line 399.


LaTeX Font Warning: Command \small invalid in math mode on input line 403.


LaTeX Font Warning: Command \small invalid in math mode on input line 403.


LaTeX Font Warning: Command \small invalid in math mode on input line 413.


LaTeX Font Warning: Command \small invalid in math mode on input line 413.


LaTeX Font Warning: Command \small invalid in math mode on input line 415.


LaTeX Font Warning: Command \small invalid in math mode on input line 415.


LaTeX Font Warning: Command \small invalid in math mode on input line 415.


LaTeX Font Warning: Command \small invalid in math mode on input line 415.


LaTeX Font Warning: Command \small invalid in math mode on input line 416.


LaTeX Font Warning: Command \small invalid in math mode on input line 435.

<figs/great_divide_1.png, id=22, 1003.75pt x 604.2575pt>
File: figs/great_divide_1.png Graphic file (type png)

<use figs/great_divide_1.png>
Package pdftex.def Info: figs/great_divide_1.png used on input line 440.
(pdftex.def)             Requested size: 121.4097pt x 97.5591pt.

<figs/great_divide_2.png, id=23, 1002.74625pt x 601.24625pt>
File: figs/great_divide_2.png Graphic file (type png)

<use figs/great_divide_2.png>
Package pdftex.def Info: figs/great_divide_2.png used on input line 441.
(pdftex.def)             Requested size: 121.4107pt x 97.55914pt.

<figs/great_divide_3.png, id=24, 1000.73875pt x 607.26875pt>
File: figs/great_divide_3.png Graphic file (type png)

<use figs/great_divide_3.png>
Package pdftex.def Info: figs/great_divide_3.png used on input line 442.
(pdftex.def)             Requested size: 121.41196pt x 97.56343pt.

<figs/great_divide_4.png, id=25, 1002.74625pt x 602.25pt>
File: figs/great_divide_4.png Graphic file (type png)

<use figs/great_divide_4.png>
Package pdftex.def Info: figs/great_divide_4.png used on input line 443.
(pdftex.def)             Requested size: 121.4107pt x 97.5658pt.

<figs/hurdles_1.png, id=26, 1003.75pt x 604.2575pt>
File: figs/hurdles_1.png Graphic file (type png)
 <use figs/hurdles_1.png>
Package pdftex.def Info: figs/hurdles_1.png used on input line 445.
(pdftex.def)             Requested size: 121.4097pt x 97.5591pt.

<figs/hurdles_2.png, id=27, 1001.7425pt x 601.24625pt>
File: figs/hurdles_2.png Graphic file (type png)

<use figs/hurdles_2.png>
Package pdftex.def Info: figs/hurdles_2.png used on input line 446.
(pdftex.def)             Requested size: 121.41145pt x 97.55914pt.
 <figs/hurdles_3.png, id=28, 1004.75375pt x 602.25pt>
File: figs/hurdles_3.png Graphic file (type png)

<use figs/hurdles_3.png>
Package pdftex.def Info: figs/hurdles_3.png used on input line 447.
(pdftex.def)             Requested size: 121.40846pt x 97.5658pt.
 <figs/hurdles_4.png, id=29, 1003.75pt x 602.25pt>
File: figs/hurdles_4.png Graphic file (type png)

<use figs/hurdles_4.png>
Package pdftex.def Info: figs/hurdles_4.png used on input line 448.
(pdftex.def)             Requested size: 121.4097pt x 97.5658pt.
 <figs/maze2_1.png, id=30, 1001.7425pt x 599.23875pt>
File: figs/maze2_1.png Graphic file (type png)

<use figs/maze2_1.png>
Package pdftex.def Info: figs/maze2_1.png used on input line 450.
(pdftex.def)             Requested size: 121.41145pt x 97.56258pt.
 <figs/maze2_2.png, id=31, 1001.7425pt x 599.23875pt>
File: figs/maze2_2.png Graphic file (type png)

<use figs/maze2_2.png>
Package pdftex.def Info: figs/maze2_2.png used on input line 451.
(pdftex.def)             Requested size: 121.41145pt x 97.56258pt.
 <figs/maze2_3.png, id=32, 1000.73875pt x 600.2425pt>
File: figs/maze2_3.png Graphic file (type png)

<use figs/maze2_3.png>
Package pdftex.def Info: figs/maze2_3.png used on input line 452.
(pdftex.def)             Requested size: 121.41196pt x 97.56114pt.
 <figs/maze2_4.png, id=33, 1000.73875pt x 600.2425pt>
File: figs/maze2_4.png Graphic file (type png)

<use figs/maze2_4.png>
Package pdftex.def Info: figs/maze2_4.png used on input line 453.
(pdftex.def)             Requested size: 121.41196pt x 97.56114pt.


LaTeX Font Warning: Command \small invalid in math mode on input line 461.


LaTeX Font Warning: Command \small invalid in math mode on input line 461.


LaTeX Font Warning: Command \small invalid in math mode on input line 461.


LaTeX Font Warning: Command \small invalid in math mode on input line 461.

[3]

LaTeX Font Warning: Command \small invalid in math mode on input line 476.

<figs/figResHists.pdf, id=39, 786.94pt x 227.85126pt>
File: figs/figResHists.pdf Graphic file (type pdf)

<use figs/figResHists.pdf>
Package pdftex.def Info: figs/figResHists.pdf used on input line 491.
(pdftex.def)             Requested size: 505.89pt x 146.47444pt.


LaTeX Font Warning: Command \small invalid in math mode on input line 496.


LaTeX Font Warning: Command \small invalid in math mode on input line 496.

<figs/figResScene1.pdf, id=40, 722.7pt x 177.66376pt>
File: figs/figResScene1.pdf Graphic file (type pdf)

<use figs/figResScene1.pdf>
Package pdftex.def Info: figs/figResScene1.pdf used on input line 502.
(pdftex.def)             Requested size: 505.89pt x 124.36377pt.

<figs/figResScene2.pdf, id=41, 722.7pt x 177.66376pt>
File: figs/figResScene2.pdf Graphic file (type pdf)

<use figs/figResScene2.pdf>
Package pdftex.def Info: figs/figResScene2.pdf used on input line 503.
(pdftex.def)             Requested size: 505.89pt x 124.36377pt.

<figs/figResScene3.pdf, id=42, 722.7pt x 177.66376pt>
File: figs/figResScene3.pdf Graphic file (type pdf)

<use figs/figResScene3.pdf>
Package pdftex.def Info: figs/figResScene3.pdf used on input line 504.
(pdftex.def)             Requested size: 505.89pt x 124.36377pt.


LaTeX Font Warning: Command \small invalid in math mode on input line 529.


LaTeX Font Warning: Command \small invalid in math mode on input line 534.


LaTeX Font Warning: Command \small invalid in math mode on input line 537.

[4 <./figs/great_divide_1.png> <./figs/great_divide_2.png> <./figs/great_divide
_3.png> <./figs/great_divide_4.png> <./figs/hurdles_1.png> <./figs/hurdles_2.pn
g> <./figs/hurdles_3.png> <./figs/hurdles_4.png> <./figs/maze2_1.png> <./figs/m
aze2_2.png> <./figs/maze2_3.png> <./figs/maze2_4.png>] [5 <./figs/figResHists.p
df, page is rotated 90 degrees> <./figs/figResScene1.pdf, page is rotated 90 de
grees> <./figs/figResScene2.pdf, page is rotated 90 degrees> <./figs/figResScen
e3.pdf, page is rotated 90 degrees>]

LaTeX Font Warning: Command \small invalid in math mode on input line 540.


LaTeX Font Warning: Command \small invalid in math mode on input line 545.

<figs/hurdles_branching_1.png, id=72, 1001.7425pt x 602.25pt>
File: figs/hurdles_branching_1.png Graphic file (type png)

<use figs/hurdles_branching_1.png>
Package pdftex.def Info: figs/hurdles_branching_1.png used on input line 553.
(pdftex.def)             Requested size: 116.35252pt x 69.9511pt.

<figs/hurdles_branching_2.png, id=73, 1002.74625pt x 601.24625pt>
File: figs/hurdles_branching_2.png Graphic file (type png)

<use figs/hurdles_branching_2.png>
Package pdftex.def Info: figs/hurdles_branching_2.png used on input line 554.
(pdftex.def)             Requested size: 116.35252pt x 69.76112pt.

<figs/hurdles_no_branching_1.png, id=74, 1002.74625pt x 603.25375pt>
File: figs/hurdles_no_branching_1.png Graphic file (type png)

<use figs/hurdles_no_branching_1.png>
Package pdftex.def Info: figs/hurdles_no_branching_1.png used on input line 555
.
(pdftex.def)             Requested size: 116.35252pt x 69.99405pt.

<figs/hurdles_no_branching_2.png, id=75, 1002.74625pt x 601.24625pt>
File: figs/hurdles_no_branching_2.png Graphic file (type png)

<use figs/hurdles_no_branching_2.png>
Package pdftex.def Info: figs/hurdles_no_branching_2.png used on input line 556
.
(pdftex.def)             Requested size: 116.35252pt x 69.76112pt.


LaTeX Font Warning: Command \small invalid in math mode on input line 558.


LaTeX Font Warning: Command \small invalid in math mode on input line 558.


LaTeX Font Warning: Command \small invalid in math mode on input line 603.


LaTeX Font Warning: Command \small invalid in math mode on input line 603.


LaTeX Font Warning: Command \small invalid in math mode on input line 613.


LaTeX Font Warning: Command \small invalid in math mode on input line 618.


LaTeX Font Warning: Command \small invalid in math mode on input line 627.

(./iros14boids.bbl
Underfull \hbox (badness 1755) in paragraph at lines 32--34
[]\OT1/ptm/m/n/8 D. Pay-ton, M. Daily, R. Es-towski, M. Howard, and C. Lee,
 []

Missing character: There is no â in font ptmr7t!
Missing character: There is no € in font ptmr7t!
Missing character: There is no ™ in font ptmr7t!

Underfull \hbox (badness 1533) in paragraph at lines 76--80
\OT1/ptm/m/n/8 lo-cal-iza-tion and con-trol,'' in \OT1/ptm/m/it/8 IEEE In-ter-n
a-tional Con-fer-ence on
 []

[6 <./figs/hurdles_branching_1.png> <./figs/hurdles_branching_2.png> <./figs/hu
rdles_no_branching_1.png> <./figs/hurdles_no_branching_2.png>]
Underfull \hbox (badness 1515) in paragraph at lines 176--179
[]\OT1/ptm/m/n/8 A. Kro-n-tiris, S. Louis, and K. E. Bekris, ``Multi-level for-
ma-
 []

)

** Conference Paper **
Before submitting the final camera ready copy, remember to:

 1. Manually equalize the lengths of two columns on the last page
 of your paper;

 2. Ensure that any PostScript and/or PDF output post-processing
 uses only Type 1 fonts and that every step in the generation
 process uses the US letter (8.5in X 11in) paper size.


Underfull \vbox (badness 2894) has occurred while \output is active []


Underfull \vbox (badness 2894) has occurred while \output is active []

Extra height:36.73193pt when 297.36597pt

Underfull \vbox (badness 3503) has occurred while \output is active []


Underfull \vbox (badness 3503) has occurred while \output is active []

Extra height:36.73193pt when 298.36597pt

Underfull \vbox (badness 4181) has occurred while \output is active []


Underfull \vbox (badness 4181) has occurred while \output is active []

Extra height:36.73193pt when 299.36597pt
Extra height:0.0pt when 300.36597pt
(2)Left:300.36597pt Right:297.73193pt Output:300.36597pt
- LAST -
Extra skip:0.0pt
Left:300.36597pt
Right:297.73193pt
Output:300.36597pt
 [7

]
(./iros14boids.aux) ) 
Here is how much of TeX's memory you used:
 4357 strings out of 493315
 63532 string characters out of 6137904
 138104 words of memory out of 5000000
 7672 multiletter control sequences out of 15000+600000
 56119 words of font info for 116 fonts, out of 8000000 for 9000
 957 hyphenation exceptions out of 8191
 38i,9n,35p,732b,472s stack positions out of 5000i,500n,10000p,200000b,80000s
{/usr/local/texlive/2013/texmf-dist/fonts/enc/dvips/base/8
r.enc}</usr/local/texlive/2013/texmf-dist/fonts/type1/public/amsfonts/cm/cmex10
.pfb></usr/local/texlive/2013/texmf-dist/fonts/type1/public/amsfonts/cm/cmmi10.
pfb></usr/local/texlive/2013/texmf-dist/fonts/type1/public/amsfonts/cm/cmmi5.pf
b></usr/local/texlive/2013/texmf-dist/fonts/type1/public/amsfonts/cm/cmmi7.pfb>
</usr/local/texlive/2013/texmf-dist/fonts/type1/public/amsfonts/cm/cmmi8.pfb></
usr/local/texlive/2013/texmf-dist/fonts/type1/public/amsfonts/cm/cmr10.pfb></us
r/local/texlive/2013/texmf-dist/fonts/type1/public/amsfonts/cm/cmr7.pfb></usr/l
ocal/texlive/2013/texmf-dist/fonts/type1/public/amsfonts/cm/cmr8.pfb></usr/loca
l/texlive/2013/texmf-dist/fonts/type1/public/amsfonts/cm/cmsy10.pfb></usr/local
/texlive/2013/texmf-dist/fonts/type1/public/amsfonts/cm/cmsy5.pfb></usr/local/t
exlive/2013/texmf-dist/fonts/type1/public/amsfonts/cm/cmsy7.pfb></usr/local/tex
live/2013/texmf-dist/fonts/type1/public/amsfonts/cm/cmsy8.pfb></usr/local/texli
ve/2013/texmf-dist/fonts/type1/urw/courier/ucrr8a.pfb></usr/local/texlive/2013/
texmf-dist/fonts/type1/urw/times/utmb8a.pfb></usr/local/texlive/2013/texmf-dist
/fonts/type1/urw/times/utmbi8a.pfb></usr/local/texlive/2013/texmf-dist/fonts/ty
pe1/urw/times/utmr8a.pfb></usr/local/texlive/2013/texmf-dist/fonts/type1/urw/ti
mes/utmr8a.pfb></usr/local/texlive/2013/texmf-dist/fonts/type1/urw/times/utmri8
a.pfb>
Output written on iros14boids.pdf (7 pages, 444134 bytes).
PDF statistics:
 141 PDF objects out of 1000 (max. 8388607)
 89 compressed objects within 1 object stream
 0 named destinations out of 1000 (max. 500000)
 101 words of extra memory for PDF output out of 10000 (max. 10000000)

